<?xml version="1.0" encoding="UTF-8"?>
<!-- Generated by org.testng.reporters.JUnitReportReporter -->
<testsuite hostname="IN3234334W1" failures="0" tests="1" name="salesforce.CreateOppurtunityNegativeSc" time="70.080" errors="0" timestamp="2022-05-17T17:58:03 IST" skipped="0">
  <testcase classname="salesforce.CreateOppurtunityNegativeSc" name="test" time="70.080"/>
  <system-out/>
</testsuite> <!-- salesforce.CreateOppurtunityNegativeSc -->
